2017-07-11T17:19:33+00:00 wireless-10-104-202-251.umd.edu#02 I: Start test public:1:expr_ops.
2017-07-11T17:19:33+00:00 wireless-10-104-202-251.umd.edu#02 I: Test public:1:expr_ops is successful.
2017-07-11T17:19:33+00:00 wireless-10-104-202-251.umd.edu#02 I: End test public:1:expr_ops.
2017-07-11T17:19:33+00:00 wireless-10-104-202-251.umd.edu#02 I: Start test public:3:stmt_basic.
2017-07-11T17:19:33+00:00 wireless-10-104-202-251.umd.edu#02 I: Test public:3:stmt_basic is successful.
2017-07-11T17:19:33+00:00 wireless-10-104-202-251.umd.edu#02 I: End test public:3:stmt_basic.
2017-07-11T17:19:33+00:00 wireless-10-104-202-251.umd.edu#02 I: Start test public:4:stmt_control.
2017-07-11T17:19:33+00:00 wireless-10-104-202-251.umd.edu#02 I: Test public:4:stmt_control is successful.
2017-07-11T17:19:33+00:00 wireless-10-104-202-251.umd.edu#02 I: End test public:4:stmt_control.
2017-07-11T17:19:33+00:00 wireless-10-104-202-251.umd.edu#02 I: Start test public:6:define_2.
2017-07-11T17:19:33+00:00 wireless-10-104-202-251.umd.edu#02 I: Test public:6:define_2 is successful.
2017-07-11T17:19:33+00:00 wireless-10-104-202-251.umd.edu#02 I: End test public:6:define_2.
2017-07-11T17:19:33+00:00 wireless-10-104-202-251.umd.edu#02 I: Start test public:8:assign_2.
2017-07-11T17:19:33+00:00 wireless-10-104-202-251.umd.edu#02 I: Test public:8:assign_2 is successful.
2017-07-11T17:19:33+00:00 wireless-10-104-202-251.umd.edu#02 I: End test public:8:assign_2.
2017-07-11T17:19:33+00:00 wireless-10-104-202-251.umd.edu#02 I: Start test public:10:notequal.
2017-07-11T17:19:33+00:00 wireless-10-104-202-251.umd.edu#02 I: Test public:10:notequal is successful.
2017-07-11T17:19:33+00:00 wireless-10-104-202-251.umd.edu#02 I: End test public:10:notequal.
2017-07-11T17:19:33+00:00 wireless-10-104-202-251.umd.edu#02 I: Start test public:12:less.
2017-07-11T17:19:33+00:00 wireless-10-104-202-251.umd.edu#02 I: Test public:12:less is successful.
2017-07-11T17:19:33+00:00 wireless-10-104-202-251.umd.edu#02 I: End test public:12:less.
2017-07-11T17:19:33+00:00 wireless-10-104-202-251.umd.edu#02 I: Start test public:14:exp_2.
2017-07-11T17:19:33+00:00 wireless-10-104-202-251.umd.edu#02 I: Test public:14:exp_2 is successful.
2017-07-11T17:19:33+00:00 wireless-10-104-202-251.umd.edu#02 I: End test public:14:exp_2.
2017-07-11T17:19:33+00:00 wireless-10-104-202-251.umd.edu#02 I: Start test public:16:ifelse.
2017-07-11T17:19:33+00:00 wireless-10-104-202-251.umd.edu#02 I: Test public:16:ifelse is successful.
2017-07-11T17:19:33+00:00 wireless-10-104-202-251.umd.edu#02 I: End test public:16:ifelse.
2017-07-11T17:19:33+00:00 wireless-10-104-202-251.umd.edu#02 I: Start test public:18:while.
2017-07-11T17:19:33+00:00 wireless-10-104-202-251.umd.edu#02 I: Test public:18:while is successful.
2017-07-11T17:19:33+00:00 wireless-10-104-202-251.umd.edu#02 I: End test public:18:while.
2017-07-11T17:19:33+00:00 wireless-10-104-202-251.umd.edu#02 I: Start test public:20:nested_while.
2017-07-11T17:19:33+00:00 wireless-10-104-202-251.umd.edu#02 I: Test public:20:nested_while is successful.
2017-07-11T17:19:33+00:00 wireless-10-104-202-251.umd.edu#02 I: End test public:20:nested_while.
2017-07-11T17:19:33+00:00 wireless-10-104-202-251.umd.edu#02 I: Start test public:22:test_1.
2017-07-11T17:19:33+00:00 wireless-10-104-202-251.umd.edu#02 I: Test public:22:test_1 is successful.
2017-07-11T17:19:33+00:00 wireless-10-104-202-251.umd.edu#02 I: End test public:22:test_1.
2017-07-11T17:19:33+00:00 wireless-10-104-202-251.umd.edu#02 I: Start test public:24:test_3.
2017-07-11T17:19:33+00:00 wireless-10-104-202-251.umd.edu#02 I: Test public:24:test_3 is successful.
2017-07-11T17:19:33+00:00 wireless-10-104-202-251.umd.edu#02 I: End test public:24:test_3.
2017-07-11T17:19:33+00:00 wireless-10-104-202-251.umd.edu#02 I: Start test public:26:stmt_fail_control.
2017-07-11T17:19:33+00:00 wireless-10-104-202-251.umd.edu#02 I: Test public:26:stmt_fail_control is successful.
2017-07-11T17:19:33+00:00 wireless-10-104-202-251.umd.edu#02 I: End test public:26:stmt_fail_control.
